2020-04-19T09:23:57+00:00 DEBUG New Order #997 created. Init sub order.
2020-04-19T09:23:57+00:00 DEBUG 1 vendor only, skipping sub order.
2020-04-19T09:26:35+00:00 DEBUG New Order #997 created. Init sub order.
2020-04-19T09:26:35+00:00 DEBUG 1 vendor only, skipping sub order.
2020-04-19T13:03:08+00:00 DEBUG New Order #998 created. Init sub order.
2020-04-19T13:03:08+00:00 DEBUG 1 vendor only, skipping sub order.
2020-04-19T13:10:58+00:00 DEBUG New Order #998 created. Init sub order.
2020-04-19T13:10:58+00:00 DEBUG 1 vendor only, skipping sub order.
2020-04-19T13:38:45+00:00 DEBUG New Order #999 created. Init sub order.
2020-04-19T13:38:45+00:00 DEBUG 1 vendor only, skipping sub order.
2020-04-19T14:28:32+00:00 DEBUG New Order #1001 created. Init sub order.
2020-04-19T14:28:32+00:00 DEBUG 1 vendor only, skipping sub order.
2020-04-19T14:32:23+00:00 DEBUG New Order #1001 created. Init sub order.
2020-04-19T14:32:23+00:00 DEBUG 1 vendor only, skipping sub order.
2020-04-19T17:16:34+00:00 DEBUG New Order #1005 created. Init sub order.
2020-04-19T17:16:34+00:00 DEBUG 1 vendor only, skipping sub order.
2020-04-19T17:17:31+00:00 DEBUG New Order #1005 created. Init sub order.
2020-04-19T17:17:31+00:00 DEBUG 1 vendor only, skipping sub order.
2020-04-19T17:42:54+00:00 DEBUG New Order #1008 created. Init sub order.
2020-04-19T17:42:54+00:00 DEBUG Got 2 vendors, starting sub order.
2020-04-19T17:42:54+00:00 DEBUG Creating sub order for vendor: #1
2020-04-19T17:42:55+00:00 DEBUG #1009 - Creating Shipping.
2020-04-19T17:42:55+00:00 DEBUG #1009 - No shipping method found. Aborting.
2020-04-19T17:42:55+00:00 DEBUG Created sub order : #1009
2020-04-19T17:42:55+00:00 DEBUG Creating sub order for vendor: #8
2020-04-19T17:42:56+00:00 DEBUG #1010 - Creating Shipping.
2020-04-19T17:42:56+00:00 DEBUG #1010 - No shipping method found. Aborting.
2020-04-19T17:42:56+00:00 DEBUG Created sub order : #1010
2020-04-19T17:42:56+00:00 DEBUG Completed sub order for #1008.
2020-04-19T17:46:08+00:00 DEBUG New Order #1009 created. Init sub order.
2020-04-19T17:46:08+00:00 DEBUG 1 vendor only, skipping sub order.
2020-04-19T17:49:00+00:00 DEBUG New Order #1010 created. Init sub order.
2020-04-19T17:49:00+00:00 DEBUG 1 vendor only, skipping sub order.
2020-04-19T17:52:32+00:00 DEBUG New Order #1011 created. Init sub order.
2020-04-19T17:52:32+00:00 DEBUG 1 vendor only, skipping sub order.
2020-04-19T18:01:13+00:00 DEBUG New Order #1011 created. Init sub order.
2020-04-19T18:01:13+00:00 DEBUG 1 vendor only, skipping sub order.
2020-04-19T18:57:40+00:00 DEBUG New Order #1012 created. Init sub order.
2020-04-19T18:57:40+00:00 DEBUG 1 vendor only, skipping sub order.
2020-04-19T18:58:18+00:00 DEBUG New Order #1012 created. Init sub order.
2020-04-19T18:58:18+00:00 DEBUG 1 vendor only, skipping sub order.
2020-04-19T19:04:20+00:00 DEBUG New Order #1013 created. Init sub order.
2020-04-19T19:04:20+00:00 DEBUG Got 2 vendors, starting sub order.
2020-04-19T19:04:20+00:00 DEBUG Creating sub order for vendor: #1
2020-04-19T19:04:20+00:00 DEBUG #1014 - Creating Shipping.
2020-04-19T19:04:20+00:00 DEBUG #1014 - No shipping method found. Aborting.
2020-04-19T19:04:20+00:00 DEBUG Created sub order : #1014
2020-04-19T19:04:20+00:00 DEBUG Creating sub order for vendor: #8
2020-04-19T19:04:21+00:00 DEBUG #1015 - Creating Shipping.
2020-04-19T19:04:21+00:00 DEBUG #1015 - No shipping method found. Aborting.
2020-04-19T19:04:21+00:00 DEBUG Created sub order : #1015
2020-04-19T19:04:21+00:00 DEBUG Completed sub order for #1013.
2020-04-19T19:05:33+00:00 DEBUG New Order #1015 created. Init sub order.
2020-04-19T19:05:33+00:00 DEBUG 1 vendor only, skipping sub order.
2020-04-19T19:06:54+00:00 DEBUG New Order #1016 created. Init sub order.
2020-04-19T19:06:54+00:00 DEBUG 1 vendor only, skipping sub order.
