2020-04-18T14:07:23+00:00 DEBUG New Order #990 created. Init sub order.
2020-04-18T14:07:23+00:00 DEBUG Got 2 vendors, starting sub order.
2020-04-18T14:07:23+00:00 DEBUG Creating sub order for vendor: #5
2020-04-18T14:07:23+00:00 DEBUG #991 - Creating Shipping.
2020-04-18T14:07:23+00:00 DEBUG #991 - No shipping method found. Aborting.
2020-04-18T14:07:23+00:00 DEBUG Created sub order : #991
2020-04-18T14:07:23+00:00 DEBUG Creating sub order for vendor: #1
2020-04-18T14:07:24+00:00 DEBUG #992 - Creating Shipping.
2020-04-18T14:07:24+00:00 DEBUG #992 - No shipping method found. Aborting.
2020-04-18T14:07:24+00:00 DEBUG Created sub order : #992
2020-04-18T14:07:24+00:00 DEBUG Completed sub order for #990.
2020-04-18T14:24:18+00:00 DEBUG New Order #993 created. Init sub order.
2020-04-18T14:24:18+00:00 DEBUG 1 vendor only, skipping sub order.
2020-04-18T14:41:07+00:00 DEBUG New Order #994 created. Init sub order.
2020-04-18T14:41:07+00:00 DEBUG 1 vendor only, skipping sub order.
2020-04-18T14:44:04+00:00 DEBUG New Order #994 created. Init sub order.
2020-04-18T14:44:04+00:00 DEBUG 1 vendor only, skipping sub order.
2020-04-18T17:25:37+00:00 DEBUG New Order #995 created. Init sub order.
2020-04-18T17:25:37+00:00 DEBUG 1 vendor only, skipping sub order.
2020-04-18T17:28:28+00:00 DEBUG New Order #995 created. Init sub order.
2020-04-18T17:28:28+00:00 DEBUG 1 vendor only, skipping sub order.
