2020-04-14T10:22:52+00:00 DEBUG New Order #420 created. Init sub order.
2020-04-14T10:22:52+00:00 DEBUG Got 2 vendors, starting sub order.
2020-04-14T10:22:52+00:00 DEBUG Creating sub order for vendor: #1
2020-04-14T10:22:52+00:00 DEBUG #421 - Creating Shipping.
2020-04-14T10:22:52+00:00 DEBUG #421 - No shipping method found. Aborting.
2020-04-14T10:22:53+00:00 DEBUG Created sub order : #421
2020-04-14T10:22:53+00:00 DEBUG Creating sub order for vendor: #5
2020-04-14T10:22:53+00:00 DEBUG #422 - Creating Shipping.
2020-04-14T10:22:53+00:00 DEBUG #422 - No shipping method found. Aborting.
2020-04-14T10:22:53+00:00 DEBUG Created sub order : #422
2020-04-14T10:22:53+00:00 DEBUG Completed sub order for #420.
2020-04-14T10:28:22+00:00 DEBUG New Order #423 created. Init sub order.
2020-04-14T10:28:22+00:00 DEBUG 1 vendor only, skipping sub order.
2020-04-14T10:53:58+00:00 DEBUG New Order #423 created. Init sub order.
2020-04-14T10:53:58+00:00 DEBUG 1 vendor only, skipping sub order.
2020-04-14T10:56:07+00:00 DEBUG New Order #424 created. Init sub order.
2020-04-14T10:56:07+00:00 DEBUG 1 vendor only, skipping sub order.
2020-04-14T11:09:03+00:00 DEBUG New Order #424 created. Init sub order.
2020-04-14T11:09:03+00:00 DEBUG 1 vendor only, skipping sub order.
2020-04-14T11:11:26+00:00 DEBUG New Order #425 created. Init sub order.
2020-04-14T11:11:26+00:00 DEBUG 1 vendor only, skipping sub order.
2020-04-14T11:13:32+00:00 DEBUG New Order #425 created. Init sub order.
2020-04-14T11:13:32+00:00 DEBUG 1 vendor only, skipping sub order.
2020-04-14T11:18:11+00:00 DEBUG New Order #426 created. Init sub order.
2020-04-14T11:18:11+00:00 DEBUG 1 vendor only, skipping sub order.
2020-04-14T11:20:37+00:00 DEBUG New Order #426 created. Init sub order.
2020-04-14T11:20:37+00:00 DEBUG 1 vendor only, skipping sub order.
2020-04-14T16:37:49+00:00 DEBUG New Order #439 created. Init sub order.
2020-04-14T16:37:49+00:00 DEBUG Got 2 vendors, starting sub order.
2020-04-14T16:37:49+00:00 DEBUG Creating sub order for vendor: #5
2020-04-14T16:37:49+00:00 DEBUG #440 - Creating Shipping.
2020-04-14T16:37:49+00:00 DEBUG #440 - No shipping method found. Aborting.
2020-04-14T16:37:49+00:00 DEBUG Created sub order : #440
2020-04-14T16:37:49+00:00 DEBUG Creating sub order for vendor: #1
2020-04-14T16:37:50+00:00 DEBUG #441 - Creating Shipping.
2020-04-14T16:37:50+00:00 DEBUG #441 - No shipping method found. Aborting.
2020-04-14T16:37:50+00:00 DEBUG Created sub order : #441
2020-04-14T16:37:50+00:00 DEBUG Completed sub order for #439.
2020-04-14T16:46:37+00:00 DEBUG New Order #442 created. Init sub order.
2020-04-14T16:46:37+00:00 DEBUG Got 2 vendors, starting sub order.
2020-04-14T16:46:37+00:00 DEBUG Creating sub order for vendor: #1
2020-04-14T16:46:38+00:00 DEBUG #443 - Creating Shipping.
2020-04-14T16:46:38+00:00 DEBUG #443 - No shipping method found. Aborting.
2020-04-14T16:46:38+00:00 DEBUG Created sub order : #443
2020-04-14T16:46:38+00:00 DEBUG Creating sub order for vendor: #5
2020-04-14T16:46:38+00:00 DEBUG #444 - Creating Shipping.
2020-04-14T16:46:38+00:00 DEBUG #444 - No shipping method found. Aborting.
2020-04-14T16:46:38+00:00 DEBUG Created sub order : #444
2020-04-14T16:46:38+00:00 DEBUG Completed sub order for #442.
2020-04-14T16:56:15+00:00 DEBUG New Order #443 created. Init sub order.
2020-04-14T16:56:15+00:00 DEBUG 1 vendor only, skipping sub order.
