2020-04-26T06:50:58+00:00 INFO Array
(
    [Webhook Delivery] => Array
        (
            [Delivery ID] => d2d72400c1d4d915df5c936f00edbdba
            [Date] => Apr 26, 2020 @ 6:50
            [URL] => https://api-ship.storepep.com/api/v1/webhooks/woocommerce/order/52392e00-d642-497f-8055-ed5df132d7d1/947f1286-d977-472f-99e5-6472885d6124/created
            [Duration] => 0.66531
            [Request] => Array
                (
                    [Method] => POST
                    [Headers] => Array
                        (
                            [User-Agent] => WooCommerce/4.0.1 Hookshot (WordPress/5.4)
                            [Content-Type] => application/json
                            [X-WC-Webhook-Source] => https://okkoma.club/
                            [X-WC-Webhook-Topic] => order.created
                            [X-WC-Webhook-Resource] => order
                            [X-WC-Webhook-Event] => created
                            [X-WC-Webhook-Signature] => CafmNFF0lOowGNE1vo8OeYvBx/HZv67xvCblWbGHLIE=
                            [X-WC-Webhook-ID] => 1
                            [X-WC-Webhook-Delivery-ID] => d2d72400c1d4d915df5c936f00edbdba
                        )

                )

            [Body] => Webhook body is not logged unless WP_DEBUG mode is turned on. This is to avoid the storing of personal data in the logs.
            [Response] => Array
                (
                    [Code] => 200
                    [Message] => OK
                    [Headers] => Requests_Utility_CaseInsensitiveDictionary Object
                        (
                            [data:protected] => Array
                                (
                                    [server] => nginx/1.10.3 (Ubuntu)
                                    [date] => Sun, 26 Apr 2020 06:50:58 GMT
                                    [content-type] => application/json; charset=utf-8
                                    [content-length] => 16
                                    [access-control-allow-origin] => *
                                    [x-dns-prefetch-control] => off
                                    [x-frame-options] => SAMEORIGIN
                                    [strict-transport-security] => max-age=15552000; includeSubDomains
                                    [x-download-options] => noopen
                                    [x-content-type-options] => nosniff
                                    [x-xss-protection] => 1; mode=block
                                    [etag] => W/"10-oV4hJxRVSENxc/wX8+mA4/Pe4tA"
                                    [vary] => Accept-Encoding
                                )

                        )

                    [Body] => Webhook body is not logged unless WP_DEBUG mode is turned on. This is to avoid the storing of personal data in the logs.
                )

        )

)

2020-04-26T06:50:59+00:00 INFO Array
(
    [Webhook Delivery] => Array
        (
            [Delivery ID] => 66498fb0e4ee1ab673db153043d87a82
            [Date] => Apr 26, 2020 @ 6:50
            [URL] => https://api-ship.storepep.com/api/v1/webhooks/woocommerce/order/52392e00-d642-497f-8055-ed5df132d7d1/947f1286-d977-472f-99e5-6472885d6124/updated
            [Duration] => 0.34121
            [Request] => Array
                (
                    [Method] => POST
                    [Headers] => Array
                        (
                            [User-Agent] => WooCommerce/4.0.1 Hookshot (WordPress/5.4)
                            [Content-Type] => application/json
                            [X-WC-Webhook-Source] => https://okkoma.club/
                            [X-WC-Webhook-Topic] => order.updated
                            [X-WC-Webhook-Resource] => order
                            [X-WC-Webhook-Event] => updated
                            [X-WC-Webhook-Signature] => 4mPKNiRjP3zrr0QeAABAze8FqKyWM6hACUWugUSCjBk=
                            [X-WC-Webhook-ID] => 2
                            [X-WC-Webhook-Delivery-ID] => 66498fb0e4ee1ab673db153043d87a82
                        )

                )

            [Body] => Webhook body is not logged unless WP_DEBUG mode is turned on. This is to avoid the storing of personal data in the logs.
            [Response] => Array
                (
                    [Code] => 200
                    [Message] => OK
                    [Headers] => Requests_Utility_CaseInsensitiveDictionary Object
                        (
                            [data:protected] => Array
                                (
                                    [server] => nginx/1.10.3 (Ubuntu)
                                    [date] => Sun, 26 Apr 2020 06:50:59 GMT
                                    [content-type] => application/json; charset=utf-8
                                    [content-length] => 16
                                    [access-control-allow-origin] => *
                                    [x-dns-prefetch-control] => off
                                    [x-frame-options] => SAMEORIGIN
                                    [strict-transport-security] => max-age=15552000; includeSubDomains
                                    [x-download-options] => noopen
                                    [x-content-type-options] => nosniff
                                    [x-xss-protection] => 1; mode=block
                                    [etag] => W/"10-oV4hJxRVSENxc/wX8+mA4/Pe4tA"
                                    [vary] => Accept-Encoding
                                )

                        )

                    [Body] => Webhook body is not logged unless WP_DEBUG mode is turned on. This is to avoid the storing of personal data in the logs.
                )

        )

)

2020-04-26T06:50:59+00:00 INFO Array
(
    [Webhook Delivery] => Array
        (
            [Delivery ID] => fcabdac45f5d1ac43434b462e0df8711
            [Date] => Apr 26, 2020 @ 6:50
            [URL] => https://api-ship.storepep.com/api/v1/webhooks/woocommerce/product/52392e00-d642-497f-8055-ed5df132d7d1/947f1286-d977-472f-99e5-6472885d6124/updated
            [Duration] => 0.37625
            [Request] => Array
                (
                    [Method] => POST
                    [Headers] => Array
                        (
                            [User-Agent] => WooCommerce/4.0.1 Hookshot (WordPress/5.4)
                            [Content-Type] => application/json
                            [X-WC-Webhook-Source] => https://okkoma.club/
                            [X-WC-Webhook-Topic] => product.updated
                            [X-WC-Webhook-Resource] => product
                            [X-WC-Webhook-Event] => updated
                            [X-WC-Webhook-Signature] => ymfITAFdeKpL8cRxESuU42Ad5R4sPQVT5uG5IGpftME=
                            [X-WC-Webhook-ID] => 4
                            [X-WC-Webhook-Delivery-ID] => fcabdac45f5d1ac43434b462e0df8711
                        )

                )

            [Body] => Webhook body is not logged unless WP_DEBUG mode is turned on. This is to avoid the storing of personal data in the logs.
            [Response] => Array
                (
                    [Code] => 200
                    [Message] => OK
                    [Headers] => Requests_Utility_CaseInsensitiveDictionary Object
                        (
                            [data:protected] => Array
                                (
                                    [server] => nginx/1.10.3 (Ubuntu)
                                    [date] => Sun, 26 Apr 2020 06:50:59 GMT
                                    [content-type] => application/json; charset=utf-8
                                    [content-length] => 16
                                    [access-control-allow-origin] => *
                                    [x-dns-prefetch-control] => off
                                    [x-frame-options] => SAMEORIGIN
                                    [strict-transport-security] => max-age=15552000; includeSubDomains
                                    [x-download-options] => noopen
                                    [x-content-type-options] => nosniff
                                    [x-xss-protection] => 1; mode=block
                                    [etag] => W/"10-oV4hJxRVSENxc/wX8+mA4/Pe4tA"
                                    [vary] => Accept-Encoding
                                )

                        )

                    [Body] => Webhook body is not logged unless WP_DEBUG mode is turned on. This is to avoid the storing of personal data in the logs.
                )

        )

)

2020-04-26T07:06:30+00:00 INFO Array
(
    [Webhook Delivery] => Array
        (
            [Delivery ID] => 3357b025bb7e2f3318f15b86ef67db69
            [Date] => Apr 26, 2020 @ 7:06
            [URL] => https://api-ship.storepep.com/api/v1/webhooks/woocommerce/order/52392e00-d642-497f-8055-ed5df132d7d1/947f1286-d977-472f-99e5-6472885d6124/updated
            [Duration] => 0.58426
            [Request] => Array
                (
                    [Method] => POST
                    [Headers] => Array
                        (
                            [User-Agent] => WooCommerce/4.0.1 Hookshot (WordPress/5.4)
                            [Content-Type] => application/json
                            [X-WC-Webhook-Source] => https://okkoma.club/
                            [X-WC-Webhook-Topic] => order.updated
                            [X-WC-Webhook-Resource] => order
                            [X-WC-Webhook-Event] => updated
                            [X-WC-Webhook-Signature] => CeFOdw09kodbdCTWsNjbqruEGa3jbXqaBHB37d9oEFk=
                            [X-WC-Webhook-ID] => 2
                            [X-WC-Webhook-Delivery-ID] => 3357b025bb7e2f3318f15b86ef67db69
                        )

                )

            [Body] => Webhook body is not logged unless WP_DEBUG mode is turned on. This is to avoid the storing of personal data in the logs.
            [Response] => Array
                (
                    [Code] => 200
                    [Message] => OK
                    [Headers] => Requests_Utility_CaseInsensitiveDictionary Object
                        (
                            [data:protected] => Array
                                (
                                    [server] => nginx/1.10.3 (Ubuntu)
                                    [date] => Sun, 26 Apr 2020 07:06:30 GMT
                                    [content-type] => application/json; charset=utf-8
                                    [content-length] => 16
                                    [access-control-allow-origin] => *
                                    [x-dns-prefetch-control] => off
                                    [x-frame-options] => SAMEORIGIN
                                    [strict-transport-security] => max-age=15552000; includeSubDomains
                                    [x-download-options] => noopen
                                    [x-content-type-options] => nosniff
                                    [x-xss-protection] => 1; mode=block
                                    [etag] => W/"10-oV4hJxRVSENxc/wX8+mA4/Pe4tA"
                                    [vary] => Accept-Encoding
                                )

                        )

                    [Body] => Webhook body is not logged unless WP_DEBUG mode is turned on. This is to avoid the storing of personal data in the logs.
                )

        )

)

2020-04-26T12:07:49+00:00 INFO Array
(
    [Webhook Delivery] => Array
        (
            [Delivery ID] => 298d2968b811fab42e1e06e68aca6ec5
            [Date] => Apr 26, 2020 @ 12:07
            [URL] => https://api-ship.storepep.com/api/v1/webhooks/woocommerce/order/52392e00-d642-497f-8055-ed5df132d7d1/947f1286-d977-472f-99e5-6472885d6124/created
            [Duration] => 0.5358
            [Request] => Array
                (
                    [Method] => POST
                    [Headers] => Array
                        (
                            [User-Agent] => WooCommerce/4.0.1 Hookshot (WordPress/5.4)
                            [Content-Type] => application/json
                            [X-WC-Webhook-Source] => https://okkoma.club/
                            [X-WC-Webhook-Topic] => order.created
                            [X-WC-Webhook-Resource] => order
                            [X-WC-Webhook-Event] => created
                            [X-WC-Webhook-Signature] => RhJ7dDt60iurPA+GZQS2MVr0Xer/q5lo0noPdGJWUVo=
                            [X-WC-Webhook-ID] => 1
                            [X-WC-Webhook-Delivery-ID] => 298d2968b811fab42e1e06e68aca6ec5
                        )

                )

            [Body] => Webhook body is not logged unless WP_DEBUG mode is turned on. This is to avoid the storing of personal data in the logs.
            [Response] => Array
                (
                    [Code] => 200
                    [Message] => OK
                    [Headers] => Requests_Utility_CaseInsensitiveDictionary Object
                        (
                            [data:protected] => Array
                                (
                                    [server] => nginx/1.10.3 (Ubuntu)
                                    [date] => Sun, 26 Apr 2020 12:07:49 GMT
                                    [content-type] => application/json; charset=utf-8
                                    [content-length] => 16
                                    [access-control-allow-origin] => *
                                    [x-dns-prefetch-control] => off
                                    [x-frame-options] => SAMEORIGIN
                                    [strict-transport-security] => max-age=15552000; includeSubDomains
                                    [x-download-options] => noopen
                                    [x-content-type-options] => nosniff
                                    [x-xss-protection] => 1; mode=block
                                    [etag] => W/"10-oV4hJxRVSENxc/wX8+mA4/Pe4tA"
                                    [vary] => Accept-Encoding
                                )

                        )

                    [Body] => Webhook body is not logged unless WP_DEBUG mode is turned on. This is to avoid the storing of personal data in the logs.
                )

        )

)

2020-04-26T12:07:50+00:00 INFO Array
(
    [Webhook Delivery] => Array
        (
            [Delivery ID] => f6dfb7e01ed56c4ce41d4dfdcba96a1b
            [Date] => Apr 26, 2020 @ 12:07
            [URL] => https://api-ship.storepep.com/api/v1/webhooks/woocommerce/order/52392e00-d642-497f-8055-ed5df132d7d1/947f1286-d977-472f-99e5-6472885d6124/updated
            [Duration] => 0.35121
            [Request] => Array
                (
                    [Method] => POST
                    [Headers] => Array
                        (
                            [User-Agent] => WooCommerce/4.0.1 Hookshot (WordPress/5.4)
                            [Content-Type] => application/json
                            [X-WC-Webhook-Source] => https://okkoma.club/
                            [X-WC-Webhook-Topic] => order.updated
                            [X-WC-Webhook-Resource] => order
                            [X-WC-Webhook-Event] => updated
                            [X-WC-Webhook-Signature] => U+Pbci5pJC3MOBN+k+9RjfcCowB7UKggXMjeW1+2mj0=
                            [X-WC-Webhook-ID] => 2
                            [X-WC-Webhook-Delivery-ID] => f6dfb7e01ed56c4ce41d4dfdcba96a1b
                        )

                )

            [Body] => Webhook body is not logged unless WP_DEBUG mode is turned on. This is to avoid the storing of personal data in the logs.
            [Response] => Array
                (
                    [Code] => 200
                    [Message] => OK
                    [Headers] => Requests_Utility_CaseInsensitiveDictionary Object
                        (
                            [data:protected] => Array
                                (
                                    [server] => nginx/1.10.3 (Ubuntu)
                                    [date] => Sun, 26 Apr 2020 12:07:50 GMT
                                    [content-type] => application/json; charset=utf-8
                                    [content-length] => 16
                                    [access-control-allow-origin] => *
                                    [x-dns-prefetch-control] => off
                                    [x-frame-options] => SAMEORIGIN
                                    [strict-transport-security] => max-age=15552000; includeSubDomains
                                    [x-download-options] => noopen
                                    [x-content-type-options] => nosniff
                                    [x-xss-protection] => 1; mode=block
                                    [etag] => W/"10-oV4hJxRVSENxc/wX8+mA4/Pe4tA"
                                    [vary] => Accept-Encoding
                                )

                        )

                    [Body] => Webhook body is not logged unless WP_DEBUG mode is turned on. This is to avoid the storing of personal data in the logs.
                )

        )

)

2020-04-26T12:07:50+00:00 INFO Array
(
    [Webhook Delivery] => Array
        (
            [Delivery ID] => bdf7f992a7b8a38be138140bd1a3e855
            [Date] => Apr 26, 2020 @ 12:07
            [URL] => https://api-ship.storepep.com/api/v1/webhooks/woocommerce/product/52392e00-d642-497f-8055-ed5df132d7d1/947f1286-d977-472f-99e5-6472885d6124/updated
            [Duration] => 0.38634
            [Request] => Array
                (
                    [Method] => POST
                    [Headers] => Array
                        (
                            [User-Agent] => WooCommerce/4.0.1 Hookshot (WordPress/5.4)
                            [Content-Type] => application/json
                            [X-WC-Webhook-Source] => https://okkoma.club/
                            [X-WC-Webhook-Topic] => product.updated
                            [X-WC-Webhook-Resource] => product
                            [X-WC-Webhook-Event] => updated
                            [X-WC-Webhook-Signature] => /6Yt5ZDi/2cuCeW1JVgt0k5JVnidw833WobEaR2ypSY=
                            [X-WC-Webhook-ID] => 4
                            [X-WC-Webhook-Delivery-ID] => bdf7f992a7b8a38be138140bd1a3e855
                        )

                )

            [Body] => Webhook body is not logged unless WP_DEBUG mode is turned on. This is to avoid the storing of personal data in the logs.
            [Response] => Array
                (
                    [Code] => 200
                    [Message] => OK
                    [Headers] => Requests_Utility_CaseInsensitiveDictionary Object
                        (
                            [data:protected] => Array
                                (
                                    [server] => nginx/1.10.3 (Ubuntu)
                                    [date] => Sun, 26 Apr 2020 12:07:50 GMT
                                    [content-type] => application/json; charset=utf-8
                                    [content-length] => 16
                                    [access-control-allow-origin] => *
                                    [x-dns-prefetch-control] => off
                                    [x-frame-options] => SAMEORIGIN
                                    [strict-transport-security] => max-age=15552000; includeSubDomains
                                    [x-download-options] => noopen
                                    [x-content-type-options] => nosniff
                                    [x-xss-protection] => 1; mode=block
                                    [etag] => W/"10-oV4hJxRVSENxc/wX8+mA4/Pe4tA"
                                    [vary] => Accept-Encoding
                                )

                        )

                    [Body] => Webhook body is not logged unless WP_DEBUG mode is turned on. This is to avoid the storing of personal data in the logs.
                )

        )

)

2020-04-26T12:09:41+00:00 INFO Array
(
    [Webhook Delivery] => Array
        (
            [Delivery ID] => b62f5c9539f72f5b937995505a0574bc
            [Date] => Apr 26, 2020 @ 12:09
            [URL] => https://api-ship.storepep.com/api/v1/webhooks/woocommerce/order/52392e00-d642-497f-8055-ed5df132d7d1/947f1286-d977-472f-99e5-6472885d6124/updated
            [Duration] => 0.51689
            [Request] => Array
                (
                    [Method] => POST
                    [Headers] => Array
                        (
                            [User-Agent] => WooCommerce/4.0.1 Hookshot (WordPress/5.4)
                            [Content-Type] => application/json
                            [X-WC-Webhook-Source] => https://okkoma.club/
                            [X-WC-Webhook-Topic] => order.updated
                            [X-WC-Webhook-Resource] => order
                            [X-WC-Webhook-Event] => updated
                            [X-WC-Webhook-Signature] => coPXmC8B3xH2vXlH3bTh38YkGIqxvjBj5Wbnhw5lAZs=
                            [X-WC-Webhook-ID] => 2
                            [X-WC-Webhook-Delivery-ID] => b62f5c9539f72f5b937995505a0574bc
                        )

                )

            [Body] => Webhook body is not logged unless WP_DEBUG mode is turned on. This is to avoid the storing of personal data in the logs.
            [Response] => Array
                (
                    [Code] => 200
                    [Message] => OK
                    [Headers] => Requests_Utility_CaseInsensitiveDictionary Object
                        (
                            [data:protected] => Array
                                (
                                    [server] => nginx/1.10.3 (Ubuntu)
                                    [date] => Sun, 26 Apr 2020 12:09:41 GMT
                                    [content-type] => application/json; charset=utf-8
                                    [content-length] => 16
                                    [access-control-allow-origin] => *
                                    [x-dns-prefetch-control] => off
                                    [x-frame-options] => SAMEORIGIN
                                    [strict-transport-security] => max-age=15552000; includeSubDomains
                                    [x-download-options] => noopen
                                    [x-content-type-options] => nosniff
                                    [x-xss-protection] => 1; mode=block
                                    [etag] => W/"10-oV4hJxRVSENxc/wX8+mA4/Pe4tA"
                                    [vary] => Accept-Encoding
                                )

                        )

                    [Body] => Webhook body is not logged unless WP_DEBUG mode is turned on. This is to avoid the storing of personal data in the logs.
                )

        )

)

2020-04-26T12:11:10+00:00 INFO Array
(
    [Webhook Delivery] => Array
        (
            [Delivery ID] => f6974c0b2de70aec3b5e3bc438744f75
            [Date] => Apr 26, 2020 @ 12:11
            [URL] => https://api-ship.storepep.com/api/v1/webhooks/woocommerce/order/52392e00-d642-497f-8055-ed5df132d7d1/947f1286-d977-472f-99e5-6472885d6124/updated
            [Duration] => 0.51734
            [Request] => Array
                (
                    [Method] => POST
                    [Headers] => Array
                        (
                            [User-Agent] => WooCommerce/4.0.1 Hookshot (WordPress/5.4)
                            [Content-Type] => application/json
                            [X-WC-Webhook-Source] => https://okkoma.club/
                            [X-WC-Webhook-Topic] => order.updated
                            [X-WC-Webhook-Resource] => order
                            [X-WC-Webhook-Event] => updated
                            [X-WC-Webhook-Signature] => ZUvEGm07zJOyo8wn94iVpRPAgRK4S+b6xhFBxDCJ+xw=
                            [X-WC-Webhook-ID] => 2
                            [X-WC-Webhook-Delivery-ID] => f6974c0b2de70aec3b5e3bc438744f75
                        )

                )

            [Body] => Webhook body is not logged unless WP_DEBUG mode is turned on. This is to avoid the storing of personal data in the logs.
            [Response] => Array
                (
                    [Code] => 200
                    [Message] => OK
                    [Headers] => Requests_Utility_CaseInsensitiveDictionary Object
                        (
                            [data:protected] => Array
                                (
                                    [server] => nginx/1.10.3 (Ubuntu)
                                    [date] => Sun, 26 Apr 2020 12:11:10 GMT
                                    [content-type] => application/json; charset=utf-8
                                    [content-length] => 16
                                    [access-control-allow-origin] => *
                                    [x-dns-prefetch-control] => off
                                    [x-frame-options] => SAMEORIGIN
                                    [strict-transport-security] => max-age=15552000; includeSubDomains
                                    [x-download-options] => noopen
                                    [x-content-type-options] => nosniff
                                    [x-xss-protection] => 1; mode=block
                                    [etag] => W/"10-oV4hJxRVSENxc/wX8+mA4/Pe4tA"
                                    [vary] => Accept-Encoding
                                )

                        )

                    [Body] => Webhook body is not logged unless WP_DEBUG mode is turned on. This is to avoid the storing of personal data in the logs.
                )

        )

)

2020-04-26T12:39:50+00:00 INFO Array
(
    [Webhook Delivery] => Array
        (
            [Delivery ID] => 4fd1a6a3d463c4ef0897da848b37ee12
            [Date] => Apr 26, 2020 @ 12:39
            [URL] => https://api-ship.storepep.com/api/v1/webhooks/woocommerce/order/52392e00-d642-497f-8055-ed5df132d7d1/947f1286-d977-472f-99e5-6472885d6124/created
            [Duration] => 0.46153
            [Request] => Array
                (
                    [Method] => POST
                    [Headers] => Array
                        (
                            [User-Agent] => WooCommerce/4.0.1 Hookshot (WordPress/5.4)
                            [Content-Type] => application/json
                            [X-WC-Webhook-Source] => https://okkoma.club/
                            [X-WC-Webhook-Topic] => order.created
                            [X-WC-Webhook-Resource] => order
                            [X-WC-Webhook-Event] => created
                            [X-WC-Webhook-Signature] => 3UrGtVS+/92HDP2ygR8n02Q8N9S4ieIdx/ZSWKDCCKk=
                            [X-WC-Webhook-ID] => 1
                            [X-WC-Webhook-Delivery-ID] => 4fd1a6a3d463c4ef0897da848b37ee12
                        )

                )

            [Body] => Webhook body is not logged unless WP_DEBUG mode is turned on. This is to avoid the storing of personal data in the logs.
            [Response] => Array
                (
                    [Code] => 200
                    [Message] => OK
                    [Headers] => Requests_Utility_CaseInsensitiveDictionary Object
                        (
                            [data:protected] => Array
                                (
                                    [server] => nginx/1.10.3 (Ubuntu)
                                    [date] => Sun, 26 Apr 2020 12:39:50 GMT
                                    [content-type] => application/json; charset=utf-8
                                    [content-length] => 16
                                    [access-control-allow-origin] => *
                                    [x-dns-prefetch-control] => off
                                    [x-frame-options] => SAMEORIGIN
                                    [strict-transport-security] => max-age=15552000; includeSubDomains
                                    [x-download-options] => noopen
                                    [x-content-type-options] => nosniff
                                    [x-xss-protection] => 1; mode=block
                                    [etag] => W/"10-oV4hJxRVSENxc/wX8+mA4/Pe4tA"
                                    [vary] => Accept-Encoding
                                )

                        )

                    [Body] => Webhook body is not logged unless WP_DEBUG mode is turned on. This is to avoid the storing of personal data in the logs.
                )

        )

)

2020-04-26T12:39:51+00:00 INFO Array
(
    [Webhook Delivery] => Array
        (
            [Delivery ID] => 64828a130c4fda228ca2c22498fda94f
            [Date] => Apr 26, 2020 @ 12:39
            [URL] => https://api-ship.storepep.com/api/v1/webhooks/woocommerce/order/52392e00-d642-497f-8055-ed5df132d7d1/947f1286-d977-472f-99e5-6472885d6124/updated
            [Duration] => 0.34178
            [Request] => Array
                (
                    [Method] => POST
                    [Headers] => Array
                        (
                            [User-Agent] => WooCommerce/4.0.1 Hookshot (WordPress/5.4)
                            [Content-Type] => application/json
                            [X-WC-Webhook-Source] => https://okkoma.club/
                            [X-WC-Webhook-Topic] => order.updated
                            [X-WC-Webhook-Resource] => order
                            [X-WC-Webhook-Event] => updated
                            [X-WC-Webhook-Signature] => lzfld09w+7aRAWaZ9XMlA5d+2s7KuAoe+XbkPJ7/ldw=
                            [X-WC-Webhook-ID] => 2
                            [X-WC-Webhook-Delivery-ID] => 64828a130c4fda228ca2c22498fda94f
                        )

                )

            [Body] => Webhook body is not logged unless WP_DEBUG mode is turned on. This is to avoid the storing of personal data in the logs.
            [Response] => Array
                (
                    [Code] => 200
                    [Message] => OK
                    [Headers] => Requests_Utility_CaseInsensitiveDictionary Object
                        (
                            [data:protected] => Array
                                (
                                    [server] => nginx/1.10.3 (Ubuntu)
                                    [date] => Sun, 26 Apr 2020 12:39:50 GMT
                                    [content-type] => application/json; charset=utf-8
                                    [content-length] => 16
                                    [access-control-allow-origin] => *
                                    [x-dns-prefetch-control] => off
                                    [x-frame-options] => SAMEORIGIN
                                    [strict-transport-security] => max-age=15552000; includeSubDomains
                                    [x-download-options] => noopen
                                    [x-content-type-options] => nosniff
                                    [x-xss-protection] => 1; mode=block
                                    [etag] => W/"10-oV4hJxRVSENxc/wX8+mA4/Pe4tA"
                                    [vary] => Accept-Encoding
                                )

                        )

                    [Body] => Webhook body is not logged unless WP_DEBUG mode is turned on. This is to avoid the storing of personal data in the logs.
                )

        )

)

2020-04-26T12:39:51+00:00 INFO Array
(
    [Webhook Delivery] => Array
        (
            [Delivery ID] => 68ab34665016527a5ed17f24620f15c0
            [Date] => Apr 26, 2020 @ 12:39
            [URL] => https://api-ship.storepep.com/api/v1/webhooks/woocommerce/product/52392e00-d642-497f-8055-ed5df132d7d1/947f1286-d977-472f-99e5-6472885d6124/updated
            [Duration] => 0.38899
            [Request] => Array
                (
                    [Method] => POST
                    [Headers] => Array
                        (
                            [User-Agent] => WooCommerce/4.0.1 Hookshot (WordPress/5.4)
                            [Content-Type] => application/json
                            [X-WC-Webhook-Source] => https://okkoma.club/
                            [X-WC-Webhook-Topic] => product.updated
                            [X-WC-Webhook-Resource] => product
                            [X-WC-Webhook-Event] => updated
                            [X-WC-Webhook-Signature] => hw/96qzv4VLbnTE6qYfI7+hhuSHRXxNHoeQ9zET6MLo=
                            [X-WC-Webhook-ID] => 4
                            [X-WC-Webhook-Delivery-ID] => 68ab34665016527a5ed17f24620f15c0
                        )

                )

            [Body] => Webhook body is not logged unless WP_DEBUG mode is turned on. This is to avoid the storing of personal data in the logs.
            [Response] => Array
                (
                    [Code] => 200
                    [Message] => OK
                    [Headers] => Requests_Utility_CaseInsensitiveDictionary Object
                        (
                            [data:protected] => Array
                                (
                                    [server] => nginx/1.10.3 (Ubuntu)
                                    [date] => Sun, 26 Apr 2020 12:39:51 GMT
                                    [content-type] => application/json; charset=utf-8
                                    [content-length] => 16
                                    [access-control-allow-origin] => *
                                    [x-dns-prefetch-control] => off
                                    [x-frame-options] => SAMEORIGIN
                                    [strict-transport-security] => max-age=15552000; includeSubDomains
                                    [x-download-options] => noopen
                                    [x-content-type-options] => nosniff
                                    [x-xss-protection] => 1; mode=block
                                    [etag] => W/"10-oV4hJxRVSENxc/wX8+mA4/Pe4tA"
                                    [vary] => Accept-Encoding
                                )

                        )

                    [Body] => Webhook body is not logged unless WP_DEBUG mode is turned on. This is to avoid the storing of personal data in the logs.
                )

        )

)

2020-04-26T12:54:03+00:00 INFO Array
(
    [Webhook Delivery] => Array
        (
            [Delivery ID] => c45b0143a873b883bb84b51e08fd6036
            [Date] => Apr 26, 2020 @ 12:54
            [URL] => https://api-ship.storepep.com/api/v1/webhooks/woocommerce/order/52392e00-d642-497f-8055-ed5df132d7d1/947f1286-d977-472f-99e5-6472885d6124/updated
            [Duration] => 0.53804
            [Request] => Array
                (
                    [Method] => POST
                    [Headers] => Array
                        (
                            [User-Agent] => WooCommerce/4.0.1 Hookshot (WordPress/5.4)
                            [Content-Type] => application/json
                            [X-WC-Webhook-Source] => https://okkoma.club/
                            [X-WC-Webhook-Topic] => order.updated
                            [X-WC-Webhook-Resource] => order
                            [X-WC-Webhook-Event] => updated
                            [X-WC-Webhook-Signature] => aokyIRJLg9InwNBDlSi9junV0fnR+DDylHfyulevUAA=
                            [X-WC-Webhook-ID] => 2
                            [X-WC-Webhook-Delivery-ID] => c45b0143a873b883bb84b51e08fd6036
                        )

                )

            [Body] => Webhook body is not logged unless WP_DEBUG mode is turned on. This is to avoid the storing of personal data in the logs.
            [Response] => Array
                (
                    [Code] => 200
                    [Message] => OK
                    [Headers] => Requests_Utility_CaseInsensitiveDictionary Object
                        (
                            [data:protected] => Array
                                (
                                    [server] => nginx/1.10.3 (Ubuntu)
                                    [date] => Sun, 26 Apr 2020 12:54:03 GMT
                                    [content-type] => application/json; charset=utf-8
                                    [content-length] => 16
                                    [access-control-allow-origin] => *
                                    [x-dns-prefetch-control] => off
                                    [x-frame-options] => SAMEORIGIN
                                    [strict-transport-security] => max-age=15552000; includeSubDomains
                                    [x-download-options] => noopen
                                    [x-content-type-options] => nosniff
                                    [x-xss-protection] => 1; mode=block
                                    [etag] => W/"10-oV4hJxRVSENxc/wX8+mA4/Pe4tA"
                                    [vary] => Accept-Encoding
                                )

                        )

                    [Body] => Webhook body is not logged unless WP_DEBUG mode is turned on. This is to avoid the storing of personal data in the logs.
                )

        )

)

2020-04-26T12:56:14+00:00 INFO Array
(
    [Webhook Delivery] => Array
        (
            [Delivery ID] => 1ed83537f717c61399120b6ab802fad6
            [Date] => Apr 26, 2020 @ 12:56
            [URL] => https://api-ship.storepep.com/api/v1/webhooks/woocommerce/order/52392e00-d642-497f-8055-ed5df132d7d1/947f1286-d977-472f-99e5-6472885d6124/created
            [Duration] => 0.48732
            [Request] => Array
                (
                    [Method] => POST
                    [Headers] => Array
                        (
                            [User-Agent] => WooCommerce/4.0.1 Hookshot (WordPress/5.4)
                            [Content-Type] => application/json
                            [X-WC-Webhook-Source] => https://okkoma.club/
                            [X-WC-Webhook-Topic] => order.created
                            [X-WC-Webhook-Resource] => order
                            [X-WC-Webhook-Event] => created
                            [X-WC-Webhook-Signature] => GOs0IlLxoNL7fSAtXczBWLMtU9kgYO3M8btT9QyRhnQ=
                            [X-WC-Webhook-ID] => 1
                            [X-WC-Webhook-Delivery-ID] => 1ed83537f717c61399120b6ab802fad6
                        )

                )

            [Body] => Webhook body is not logged unless WP_DEBUG mode is turned on. This is to avoid the storing of personal data in the logs.
            [Response] => Array
                (
                    [Code] => 200
                    [Message] => OK
                    [Headers] => Requests_Utility_CaseInsensitiveDictionary Object
                        (
                            [data:protected] => Array
                                (
                                    [server] => nginx/1.10.3 (Ubuntu)
                                    [date] => Sun, 26 Apr 2020 12:56:14 GMT
                                    [content-type] => application/json; charset=utf-8
                                    [content-length] => 16
                                    [access-control-allow-origin] => *
                                    [x-dns-prefetch-control] => off
                                    [x-frame-options] => SAMEORIGIN
                                    [strict-transport-security] => max-age=15552000; includeSubDomains
                                    [x-download-options] => noopen
                                    [x-content-type-options] => nosniff
                                    [x-xss-protection] => 1; mode=block
                                    [etag] => W/"10-oV4hJxRVSENxc/wX8+mA4/Pe4tA"
                                    [vary] => Accept-Encoding
                                )

                        )

                    [Body] => Webhook body is not logged unless WP_DEBUG mode is turned on. This is to avoid the storing of personal data in the logs.
                )

        )

)

2020-04-26T12:56:14+00:00 INFO Array
(
    [Webhook Delivery] => Array
        (
            [Delivery ID] => 4aa44146e4f3dc850b251ac8a5bdad58
            [Date] => Apr 26, 2020 @ 12:56
            [URL] => https://api-ship.storepep.com/api/v1/webhooks/woocommerce/order/52392e00-d642-497f-8055-ed5df132d7d1/947f1286-d977-472f-99e5-6472885d6124/updated
            [Duration] => 0.33952
            [Request] => Array
                (
                    [Method] => POST
                    [Headers] => Array
                        (
                            [User-Agent] => WooCommerce/4.0.1 Hookshot (WordPress/5.4)
                            [Content-Type] => application/json
                            [X-WC-Webhook-Source] => https://okkoma.club/
                            [X-WC-Webhook-Topic] => order.updated
                            [X-WC-Webhook-Resource] => order
                            [X-WC-Webhook-Event] => updated
                            [X-WC-Webhook-Signature] => toCO7p5l/bJPeGV6+pTi9Ic3fATDKe/FKAEy46ZGhCk=
                            [X-WC-Webhook-ID] => 2
                            [X-WC-Webhook-Delivery-ID] => 4aa44146e4f3dc850b251ac8a5bdad58
                        )

                )

            [Body] => Webhook body is not logged unless WP_DEBUG mode is turned on. This is to avoid the storing of personal data in the logs.
            [Response] => Array
                (
                    [Code] => 200
                    [Message] => OK
                    [Headers] => Requests_Utility_CaseInsensitiveDictionary Object
                        (
                            [data:protected] => Array
                                (
                                    [server] => nginx/1.10.3 (Ubuntu)
                                    [date] => Sun, 26 Apr 2020 12:56:14 GMT
                                    [content-type] => application/json; charset=utf-8
                                    [content-length] => 16
                                    [access-control-allow-origin] => *
                                    [x-dns-prefetch-control] => off
                                    [x-frame-options] => SAMEORIGIN
                                    [strict-transport-security] => max-age=15552000; includeSubDomains
                                    [x-download-options] => noopen
                                    [x-content-type-options] => nosniff
                                    [x-xss-protection] => 1; mode=block
                                    [etag] => W/"10-oV4hJxRVSENxc/wX8+mA4/Pe4tA"
                                    [vary] => Accept-Encoding
                                )

                        )

                    [Body] => Webhook body is not logged unless WP_DEBUG mode is turned on. This is to avoid the storing of personal data in the logs.
                )

        )

)

2020-04-26T12:56:15+00:00 INFO Array
(
    [Webhook Delivery] => Array
        (
            [Delivery ID] => 16fdc4180d004976b11f791ad4acef9a
            [Date] => Apr 26, 2020 @ 12:56
            [URL] => https://api-ship.storepep.com/api/v1/webhooks/woocommerce/product/52392e00-d642-497f-8055-ed5df132d7d1/947f1286-d977-472f-99e5-6472885d6124/updated
            [Duration] => 0.35061
            [Request] => Array
                (
                    [Method] => POST
                    [Headers] => Array
                        (
                            [User-Agent] => WooCommerce/4.0.1 Hookshot (WordPress/5.4)
                            [Content-Type] => application/json
                            [X-WC-Webhook-Source] => https://okkoma.club/
                            [X-WC-Webhook-Topic] => product.updated
                            [X-WC-Webhook-Resource] => product
                            [X-WC-Webhook-Event] => updated
                            [X-WC-Webhook-Signature] => eqCFfcXwsINNMmOmcTp1NCMSGz1DRXDaf43hwg0UqTk=
                            [X-WC-Webhook-ID] => 4
                            [X-WC-Webhook-Delivery-ID] => 16fdc4180d004976b11f791ad4acef9a
                        )

                )

            [Body] => Webhook body is not logged unless WP_DEBUG mode is turned on. This is to avoid the storing of personal data in the logs.
            [Response] => Array
                (
                    [Code] => 200
                    [Message] => OK
                    [Headers] => Requests_Utility_CaseInsensitiveDictionary Object
                        (
                            [data:protected] => Array
                                (
                                    [server] => nginx/1.10.3 (Ubuntu)
                                    [date] => Sun, 26 Apr 2020 12:56:15 GMT
                                    [content-type] => application/json; charset=utf-8
                                    [content-length] => 16
                                    [access-control-allow-origin] => *
                                    [x-dns-prefetch-control] => off
                                    [x-frame-options] => SAMEORIGIN
                                    [strict-transport-security] => max-age=15552000; includeSubDomains
                                    [x-download-options] => noopen
                                    [x-content-type-options] => nosniff
                                    [x-xss-protection] => 1; mode=block
                                    [etag] => W/"10-oV4hJxRVSENxc/wX8+mA4/Pe4tA"
                                    [vary] => Accept-Encoding
                                )

                        )

                    [Body] => Webhook body is not logged unless WP_DEBUG mode is turned on. This is to avoid the storing of personal data in the logs.
                )

        )

)

2020-04-26T12:56:52+00:00 INFO Array
(
    [Webhook Delivery] => Array
        (
            [Delivery ID] => 407f17f90a1f63100b05c268eef49046
            [Date] => Apr 26, 2020 @ 12:56
            [URL] => https://api-ship.storepep.com/api/v1/webhooks/woocommerce/order/52392e00-d642-497f-8055-ed5df132d7d1/947f1286-d977-472f-99e5-6472885d6124/updated
            [Duration] => 0.53523
            [Request] => Array
                (
                    [Method] => POST
                    [Headers] => Array
                        (
                            [User-Agent] => WooCommerce/4.0.1 Hookshot (WordPress/5.4)
                            [Content-Type] => application/json
                            [X-WC-Webhook-Source] => https://okkoma.club/
                            [X-WC-Webhook-Topic] => order.updated
                            [X-WC-Webhook-Resource] => order
                            [X-WC-Webhook-Event] => updated
                            [X-WC-Webhook-Signature] => kL3unBahp49klKLVKQ4racyn55AwLh6k1uVxD2T37zk=
                            [X-WC-Webhook-ID] => 2
                            [X-WC-Webhook-Delivery-ID] => 407f17f90a1f63100b05c268eef49046
                        )

                )

            [Body] => Webhook body is not logged unless WP_DEBUG mode is turned on. This is to avoid the storing of personal data in the logs.
            [Response] => Array
                (
                    [Code] => 200
                    [Message] => OK
                    [Headers] => Requests_Utility_CaseInsensitiveDictionary Object
                        (
                            [data:protected] => Array
                                (
                                    [server] => nginx/1.10.3 (Ubuntu)
                                    [date] => Sun, 26 Apr 2020 12:56:52 GMT
                                    [content-type] => application/json; charset=utf-8
                                    [content-length] => 16
                                    [access-control-allow-origin] => *
                                    [x-dns-prefetch-control] => off
                                    [x-frame-options] => SAMEORIGIN
                                    [strict-transport-security] => max-age=15552000; includeSubDomains
                                    [x-download-options] => noopen
                                    [x-content-type-options] => nosniff
                                    [x-xss-protection] => 1; mode=block
                                    [etag] => W/"10-oV4hJxRVSENxc/wX8+mA4/Pe4tA"
                                    [vary] => Accept-Encoding
                                )

                        )

                    [Body] => Webhook body is not logged unless WP_DEBUG mode is turned on. This is to avoid the storing of personal data in the logs.
                )

        )

)

2020-04-26T12:57:33+00:00 INFO Array
(
    [Webhook Delivery] => Array
        (
            [Delivery ID] => e527def6543876924fc55d3664b4d6b4
            [Date] => Apr 26, 2020 @ 12:57
            [URL] => https://api-ship.storepep.com/api/v1/webhooks/woocommerce/order/52392e00-d642-497f-8055-ed5df132d7d1/947f1286-d977-472f-99e5-6472885d6124/updated
            [Duration] => 0.56289
            [Request] => Array
                (
                    [Method] => POST
                    [Headers] => Array
                        (
                            [User-Agent] => WooCommerce/4.0.1 Hookshot (WordPress/5.4)
                            [Content-Type] => application/json
                            [X-WC-Webhook-Source] => https://okkoma.club/
                            [X-WC-Webhook-Topic] => order.updated
                            [X-WC-Webhook-Resource] => order
                            [X-WC-Webhook-Event] => updated
                            [X-WC-Webhook-Signature] => wy91GNyEmTzSRc3gMSvVe95mevAD2JXka33mKzlH7ls=
                            [X-WC-Webhook-ID] => 2
                            [X-WC-Webhook-Delivery-ID] => e527def6543876924fc55d3664b4d6b4
                        )

                )

            [Body] => Webhook body is not logged unless WP_DEBUG mode is turned on. This is to avoid the storing of personal data in the logs.
            [Response] => Array
                (
                    [Code] => 200
                    [Message] => OK
                    [Headers] => Requests_Utility_CaseInsensitiveDictionary Object
                        (
                            [data:protected] => Array
                                (
                                    [server] => nginx/1.10.3 (Ubuntu)
                                    [date] => Sun, 26 Apr 2020 12:57:33 GMT
                                    [content-type] => application/json; charset=utf-8
                                    [content-length] => 16
                                    [access-control-allow-origin] => *
                                    [x-dns-prefetch-control] => off
                                    [x-frame-options] => SAMEORIGIN
                                    [strict-transport-security] => max-age=15552000; includeSubDomains
                                    [x-download-options] => noopen
                                    [x-content-type-options] => nosniff
                                    [x-xss-protection] => 1; mode=block
                                    [etag] => W/"10-oV4hJxRVSENxc/wX8+mA4/Pe4tA"
                                    [vary] => Accept-Encoding
                                )

                        )

                    [Body] => Webhook body is not logged unless WP_DEBUG mode is turned on. This is to avoid the storing of personal data in the logs.
                )

        )

)

2020-04-26T12:57:50+00:00 INFO Array
(
    [Webhook Delivery] => Array
        (
            [Delivery ID] => 229dca09aa96652b776c2c1f6f2e640b
            [Date] => Apr 26, 2020 @ 12:57
            [URL] => https://api-ship.storepep.com/api/v1/webhooks/woocommerce/order/52392e00-d642-497f-8055-ed5df132d7d1/947f1286-d977-472f-99e5-6472885d6124/updated
            [Duration] => 0.56303
            [Request] => Array
                (
                    [Method] => POST
                    [Headers] => Array
                        (
                            [User-Agent] => WooCommerce/4.0.1 Hookshot (WordPress/5.4)
                            [Content-Type] => application/json
                            [X-WC-Webhook-Source] => https://okkoma.club/
                            [X-WC-Webhook-Topic] => order.updated
                            [X-WC-Webhook-Resource] => order
                            [X-WC-Webhook-Event] => updated
                            [X-WC-Webhook-Signature] => 0kZEAcMWOoxj3XFe/owzX6iFbx1m9CA1hVZ0PoTxlIw=
                            [X-WC-Webhook-ID] => 2
                            [X-WC-Webhook-Delivery-ID] => 229dca09aa96652b776c2c1f6f2e640b
                        )

                )

            [Body] => Webhook body is not logged unless WP_DEBUG mode is turned on. This is to avoid the storing of personal data in the logs.
            [Response] => Array
                (
                    [Code] => 200
                    [Message] => OK
                    [Headers] => Requests_Utility_CaseInsensitiveDictionary Object
                        (
                            [data:protected] => Array
                                (
                                    [server] => nginx/1.10.3 (Ubuntu)
                                    [date] => Sun, 26 Apr 2020 12:57:50 GMT
                                    [content-type] => application/json; charset=utf-8
                                    [content-length] => 16
                                    [access-control-allow-origin] => *
                                    [x-dns-prefetch-control] => off
                                    [x-frame-options] => SAMEORIGIN
                                    [strict-transport-security] => max-age=15552000; includeSubDomains
                                    [x-download-options] => noopen
                                    [x-content-type-options] => nosniff
                                    [x-xss-protection] => 1; mode=block
                                    [etag] => W/"10-oV4hJxRVSENxc/wX8+mA4/Pe4tA"
                                    [vary] => Accept-Encoding
                                )

                        )

                    [Body] => Webhook body is not logged unless WP_DEBUG mode is turned on. This is to avoid the storing of personal data in the logs.
                )

        )

)

2020-04-26T13:06:12+00:00 INFO Array
(
    [Webhook Delivery] => Array
        (
            [Delivery ID] => 96d09d806258e5f741c3a2731b719eff
            [Date] => Apr 26, 2020 @ 13:06
            [URL] => https://api-ship.storepep.com/api/v1/webhooks/woocommerce/order/52392e00-d642-497f-8055-ed5df132d7d1/947f1286-d977-472f-99e5-6472885d6124/created
            [Duration] => 0.50455
            [Request] => Array
                (
                    [Method] => POST
                    [Headers] => Array
                        (
                            [User-Agent] => WooCommerce/4.0.1 Hookshot (WordPress/5.4)
                            [Content-Type] => application/json
                            [X-WC-Webhook-Source] => https://okkoma.club/
                            [X-WC-Webhook-Topic] => order.created
                            [X-WC-Webhook-Resource] => order
                            [X-WC-Webhook-Event] => created
                            [X-WC-Webhook-Signature] => ku4Qz48jklVx9qwb/pJuI8PExE3iyRYj+AYaZmTf7KI=
                            [X-WC-Webhook-ID] => 1
                            [X-WC-Webhook-Delivery-ID] => 96d09d806258e5f741c3a2731b719eff
                        )

                )

            [Body] => Webhook body is not logged unless WP_DEBUG mode is turned on. This is to avoid the storing of personal data in the logs.
            [Response] => Array
                (
                    [Code] => 200
                    [Message] => OK
                    [Headers] => Requests_Utility_CaseInsensitiveDictionary Object
                        (
                            [data:protected] => Array
                                (
                                    [server] => nginx/1.10.3 (Ubuntu)
                                    [date] => Sun, 26 Apr 2020 13:06:12 GMT
                                    [content-type] => application/json; charset=utf-8
                                    [content-length] => 16
                                    [access-control-allow-origin] => *
                                    [x-dns-prefetch-control] => off
                                    [x-frame-options] => SAMEORIGIN
                                    [strict-transport-security] => max-age=15552000; includeSubDomains
                                    [x-download-options] => noopen
                                    [x-content-type-options] => nosniff
                                    [x-xss-protection] => 1; mode=block
                                    [etag] => W/"10-oV4hJxRVSENxc/wX8+mA4/Pe4tA"
                                    [vary] => Accept-Encoding
                                )

                        )

                    [Body] => Webhook body is not logged unless WP_DEBUG mode is turned on. This is to avoid the storing of personal data in the logs.
                )

        )

)

2020-04-26T13:06:12+00:00 INFO Array
(
    [Webhook Delivery] => Array
        (
            [Delivery ID] => a7e8e69f0be05958e2a67b2b114bb3df
            [Date] => Apr 26, 2020 @ 13:06
            [URL] => https://api-ship.storepep.com/api/v1/webhooks/woocommerce/order/52392e00-d642-497f-8055-ed5df132d7d1/947f1286-d977-472f-99e5-6472885d6124/updated
            [Duration] => 0.3486
            [Request] => Array
                (
                    [Method] => POST
                    [Headers] => Array
                        (
                            [User-Agent] => WooCommerce/4.0.1 Hookshot (WordPress/5.4)
                            [Content-Type] => application/json
                            [X-WC-Webhook-Source] => https://okkoma.club/
                            [X-WC-Webhook-Topic] => order.updated
                            [X-WC-Webhook-Resource] => order
                            [X-WC-Webhook-Event] => updated
                            [X-WC-Webhook-Signature] => zgScDJHl7Vc4S80agdBc/Z94dV6Xvg74pXnzOpYkM/8=
                            [X-WC-Webhook-ID] => 2
                            [X-WC-Webhook-Delivery-ID] => a7e8e69f0be05958e2a67b2b114bb3df
                        )

                )

            [Body] => Webhook body is not logged unless WP_DEBUG mode is turned on. This is to avoid the storing of personal data in the logs.
            [Response] => Array
                (
                    [Code] => 200
                    [Message] => OK
                    [Headers] => Requests_Utility_CaseInsensitiveDictionary Object
                        (
                            [data:protected] => Array
                                (
                                    [server] => nginx/1.10.3 (Ubuntu)
                                    [date] => Sun, 26 Apr 2020 13:06:12 GMT
                                    [content-type] => application/json; charset=utf-8
                                    [content-length] => 16
                                    [access-control-allow-origin] => *
                                    [x-dns-prefetch-control] => off
                                    [x-frame-options] => SAMEORIGIN
                                    [strict-transport-security] => max-age=15552000; includeSubDomains
                                    [x-download-options] => noopen
                                    [x-content-type-options] => nosniff
                                    [x-xss-protection] => 1; mode=block
                                    [etag] => W/"10-oV4hJxRVSENxc/wX8+mA4/Pe4tA"
                                    [vary] => Accept-Encoding
                                )

                        )

                    [Body] => Webhook body is not logged unless WP_DEBUG mode is turned on. This is to avoid the storing of personal data in the logs.
                )

        )

)

2020-04-26T13:06:13+00:00 INFO Array
(
    [Webhook Delivery] => Array
        (
            [Delivery ID] => 78674f79f7bf446a48233cb0ede1a2e3
            [Date] => Apr 26, 2020 @ 13:06
            [URL] => https://api-ship.storepep.com/api/v1/webhooks/woocommerce/product/52392e00-d642-497f-8055-ed5df132d7d1/947f1286-d977-472f-99e5-6472885d6124/updated
            [Duration] => 0.38993
            [Request] => Array
                (
                    [Method] => POST
                    [Headers] => Array
                        (
                            [User-Agent] => WooCommerce/4.0.1 Hookshot (WordPress/5.4)
                            [Content-Type] => application/json
                            [X-WC-Webhook-Source] => https://okkoma.club/
                            [X-WC-Webhook-Topic] => product.updated
                            [X-WC-Webhook-Resource] => product
                            [X-WC-Webhook-Event] => updated
                            [X-WC-Webhook-Signature] => CvWfhgrkF7nUid18w34/T944vjpb5luddMZR7gjyytY=
                            [X-WC-Webhook-ID] => 4
                            [X-WC-Webhook-Delivery-ID] => 78674f79f7bf446a48233cb0ede1a2e3
                        )

                )

            [Body] => Webhook body is not logged unless WP_DEBUG mode is turned on. This is to avoid the storing of personal data in the logs.
            [Response] => Array
                (
                    [Code] => 200
                    [Message] => OK
                    [Headers] => Requests_Utility_CaseInsensitiveDictionary Object
                        (
                            [data:protected] => Array
                                (
                                    [server] => nginx/1.10.3 (Ubuntu)
                                    [date] => Sun, 26 Apr 2020 13:06:13 GMT
                                    [content-type] => application/json; charset=utf-8
                                    [content-length] => 16
                                    [access-control-allow-origin] => *
                                    [x-dns-prefetch-control] => off
                                    [x-frame-options] => SAMEORIGIN
                                    [strict-transport-security] => max-age=15552000; includeSubDomains
                                    [x-download-options] => noopen
                                    [x-content-type-options] => nosniff
                                    [x-xss-protection] => 1; mode=block
                                    [etag] => W/"10-oV4hJxRVSENxc/wX8+mA4/Pe4tA"
                                    [vary] => Accept-Encoding
                                )

                        )

                    [Body] => Webhook body is not logged unless WP_DEBUG mode is turned on. This is to avoid the storing of personal data in the logs.
                )

        )

)

2020-04-26T13:14:32+00:00 INFO Array
(
    [Webhook Delivery] => Array
        (
            [Delivery ID] => fbaa1241433f4b736b47dc463cdf1053
            [Date] => Apr 26, 2020 @ 13:14
            [URL] => https://api-ship.storepep.com/api/v1/webhooks/woocommerce/order/52392e00-d642-497f-8055-ed5df132d7d1/947f1286-d977-472f-99e5-6472885d6124/created
            [Duration] => 0.60796
            [Request] => Array
                (
                    [Method] => POST
                    [Headers] => Array
                        (
                            [User-Agent] => WooCommerce/4.0.1 Hookshot (WordPress/5.4)
                            [Content-Type] => application/json
                            [X-WC-Webhook-Source] => https://okkoma.club/
                            [X-WC-Webhook-Topic] => order.created
                            [X-WC-Webhook-Resource] => order
                            [X-WC-Webhook-Event] => created
                            [X-WC-Webhook-Signature] => Q17vO1DsTQT0/Yh1uYMxuvhlzXCjE90mVnkTr1wdGNc=
                            [X-WC-Webhook-ID] => 1
                            [X-WC-Webhook-Delivery-ID] => fbaa1241433f4b736b47dc463cdf1053
                        )

                )

            [Body] => Webhook body is not logged unless WP_DEBUG mode is turned on. This is to avoid the storing of personal data in the logs.
            [Response] => Array
                (
                    [Code] => 200
                    [Message] => OK
                    [Headers] => Requests_Utility_CaseInsensitiveDictionary Object
                        (
                            [data:protected] => Array
                                (
                                    [server] => nginx/1.10.3 (Ubuntu)
                                    [date] => Sun, 26 Apr 2020 13:14:32 GMT
                                    [content-type] => application/json; charset=utf-8
                                    [content-length] => 16
                                    [access-control-allow-origin] => *
                                    [x-dns-prefetch-control] => off
                                    [x-frame-options] => SAMEORIGIN
                                    [strict-transport-security] => max-age=15552000; includeSubDomains
                                    [x-download-options] => noopen
                                    [x-content-type-options] => nosniff
                                    [x-xss-protection] => 1; mode=block
                                    [etag] => W/"10-oV4hJxRVSENxc/wX8+mA4/Pe4tA"
                                    [vary] => Accept-Encoding
                                )

                        )

                    [Body] => Webhook body is not logged unless WP_DEBUG mode is turned on. This is to avoid the storing of personal data in the logs.
                )

        )

)

2020-04-26T13:14:32+00:00 INFO Array
(
    [Webhook Delivery] => Array
        (
            [Delivery ID] => b38d70a81d3ee1508c4b5f841002ede7
            [Date] => Apr 26, 2020 @ 13:14
            [URL] => https://api-ship.storepep.com/api/v1/webhooks/woocommerce/order/52392e00-d642-497f-8055-ed5df132d7d1/947f1286-d977-472f-99e5-6472885d6124/updated
            [Duration] => 0.37232
            [Request] => Array
                (
                    [Method] => POST
                    [Headers] => Array
                        (
                            [User-Agent] => WooCommerce/4.0.1 Hookshot (WordPress/5.4)
                            [Content-Type] => application/json
                            [X-WC-Webhook-Source] => https://okkoma.club/
                            [X-WC-Webhook-Topic] => order.updated
                            [X-WC-Webhook-Resource] => order
                            [X-WC-Webhook-Event] => updated
                            [X-WC-Webhook-Signature] => s7dyYXyp8om6kpxruM+9HMn8XpqIMp6bR76toWFQWf8=
                            [X-WC-Webhook-ID] => 2
                            [X-WC-Webhook-Delivery-ID] => b38d70a81d3ee1508c4b5f841002ede7
                        )

                )

            [Body] => Webhook body is not logged unless WP_DEBUG mode is turned on. This is to avoid the storing of personal data in the logs.
            [Response] => Array
                (
                    [Code] => 200
                    [Message] => OK
                    [Headers] => Requests_Utility_CaseInsensitiveDictionary Object
                        (
                            [data:protected] => Array
                                (
                                    [server] => nginx/1.10.3 (Ubuntu)
                                    [date] => Sun, 26 Apr 2020 13:14:32 GMT
                                    [content-type] => application/json; charset=utf-8
                                    [content-length] => 16
                                    [access-control-allow-origin] => *
                                    [x-dns-prefetch-control] => off
                                    [x-frame-options] => SAMEORIGIN
                                    [strict-transport-security] => max-age=15552000; includeSubDomains
                                    [x-download-options] => noopen
                                    [x-content-type-options] => nosniff
                                    [x-xss-protection] => 1; mode=block
                                    [etag] => W/"10-oV4hJxRVSENxc/wX8+mA4/Pe4tA"
                                    [vary] => Accept-Encoding
                                )

                        )

                    [Body] => Webhook body is not logged unless WP_DEBUG mode is turned on. This is to avoid the storing of personal data in the logs.
                )

        )

)

2020-04-26T13:25:25+00:00 INFO Array
(
    [Webhook Delivery] => Array
        (
            [Delivery ID] => dd6101e2f1d74f5a1a313ea0c0b9ccb2
            [Date] => Apr 26, 2020 @ 13:25
            [URL] => https://api-ship.storepep.com/api/v1/webhooks/woocommerce/order/52392e00-d642-497f-8055-ed5df132d7d1/947f1286-d977-472f-99e5-6472885d6124/created
            [Duration] => 0.44523
            [Request] => Array
                (
                    [Method] => POST
                    [Headers] => Array
                        (
                            [User-Agent] => WooCommerce/4.0.1 Hookshot (WordPress/5.4)
                            [Content-Type] => application/json
                            [X-WC-Webhook-Source] => https://okkoma.club/
                            [X-WC-Webhook-Topic] => order.created
                            [X-WC-Webhook-Resource] => order
                            [X-WC-Webhook-Event] => created
                            [X-WC-Webhook-Signature] => GpiMzk2G6l5AczOrAC9L96mVdej01LDcCRv4a+cZH1k=
                            [X-WC-Webhook-ID] => 1
                            [X-WC-Webhook-Delivery-ID] => dd6101e2f1d74f5a1a313ea0c0b9ccb2
                        )

                )

            [Body] => Webhook body is not logged unless WP_DEBUG mode is turned on. This is to avoid the storing of personal data in the logs.
            [Response] => Array
                (
                    [Code] => 200
                    [Message] => OK
                    [Headers] => Requests_Utility_CaseInsensitiveDictionary Object
                        (
                            [data:protected] => Array
                                (
                                    [server] => nginx/1.10.3 (Ubuntu)
                                    [date] => Sun, 26 Apr 2020 13:25:25 GMT
                                    [content-type] => application/json; charset=utf-8
                                    [content-length] => 16
                                    [access-control-allow-origin] => *
                                    [x-dns-prefetch-control] => off
                                    [x-frame-options] => SAMEORIGIN
                                    [strict-transport-security] => max-age=15552000; includeSubDomains
                                    [x-download-options] => noopen
                                    [x-content-type-options] => nosniff
                                    [x-xss-protection] => 1; mode=block
                                    [etag] => W/"10-oV4hJxRVSENxc/wX8+mA4/Pe4tA"
                                    [vary] => Accept-Encoding
                                )

                        )

                    [Body] => Webhook body is not logged unless WP_DEBUG mode is turned on. This is to avoid the storing of personal data in the logs.
                )

        )

)

2020-04-26T13:25:25+00:00 INFO Array
(
    [Webhook Delivery] => Array
        (
            [Delivery ID] => bb42bf962c85161b9dfed29cfe268dd6
            [Date] => Apr 26, 2020 @ 13:25
            [URL] => https://api-ship.storepep.com/api/v1/webhooks/woocommerce/order/52392e00-d642-497f-8055-ed5df132d7d1/947f1286-d977-472f-99e5-6472885d6124/updated
            [Duration] => 0.35804
            [Request] => Array
                (
                    [Method] => POST
                    [Headers] => Array
                        (
                            [User-Agent] => WooCommerce/4.0.1 Hookshot (WordPress/5.4)
                            [Content-Type] => application/json
                            [X-WC-Webhook-Source] => https://okkoma.club/
                            [X-WC-Webhook-Topic] => order.updated
                            [X-WC-Webhook-Resource] => order
                            [X-WC-Webhook-Event] => updated
                            [X-WC-Webhook-Signature] => kFdLmcckguNQ0cRsAe8j0oCQnbMkoASu/1yk7kP/HGU=
                            [X-WC-Webhook-ID] => 2
                            [X-WC-Webhook-Delivery-ID] => bb42bf962c85161b9dfed29cfe268dd6
                        )

                )

            [Body] => Webhook body is not logged unless WP_DEBUG mode is turned on. This is to avoid the storing of personal data in the logs.
            [Response] => Array
                (
                    [Code] => 200
                    [Message] => OK
                    [Headers] => Requests_Utility_CaseInsensitiveDictionary Object
                        (
                            [data:protected] => Array
                                (
                                    [server] => nginx/1.10.3 (Ubuntu)
                                    [date] => Sun, 26 Apr 2020 13:25:25 GMT
                                    [content-type] => application/json; charset=utf-8
                                    [content-length] => 16
                                    [access-control-allow-origin] => *
                                    [x-dns-prefetch-control] => off
                                    [x-frame-options] => SAMEORIGIN
                                    [strict-transport-security] => max-age=15552000; includeSubDomains
                                    [x-download-options] => noopen
                                    [x-content-type-options] => nosniff
                                    [x-xss-protection] => 1; mode=block
                                    [etag] => W/"10-oV4hJxRVSENxc/wX8+mA4/Pe4tA"
                                    [vary] => Accept-Encoding
                                )

                        )

                    [Body] => Webhook body is not logged unless WP_DEBUG mode is turned on. This is to avoid the storing of personal data in the logs.
                )

        )

)

2020-04-26T13:25:26+00:00 INFO Array
(
    [Webhook Delivery] => Array
        (
            [Delivery ID] => dd6101e2f1d74f5a1a313ea0c0b9ccb2
            [Date] => Apr 26, 2020 @ 13:25
            [URL] => https://api-ship.storepep.com/api/v1/webhooks/woocommerce/order/52392e00-d642-497f-8055-ed5df132d7d1/947f1286-d977-472f-99e5-6472885d6124/created
            [Duration] => 0.31964
            [Request] => Array
                (
                    [Method] => POST
                    [Headers] => Array
                        (
                            [User-Agent] => WooCommerce/4.0.1 Hookshot (WordPress/5.4)
                            [Content-Type] => application/json
                            [X-WC-Webhook-Source] => https://okkoma.club/
                            [X-WC-Webhook-Topic] => order.created
                            [X-WC-Webhook-Resource] => order
                            [X-WC-Webhook-Event] => created
                            [X-WC-Webhook-Signature] => 4n1Rf1l7rLcGRfrob+i9TLgPX8E2/bzW+YkfoChkIeQ=
                            [X-WC-Webhook-ID] => 1
                            [X-WC-Webhook-Delivery-ID] => dd6101e2f1d74f5a1a313ea0c0b9ccb2
                        )

                )

            [Body] => Webhook body is not logged unless WP_DEBUG mode is turned on. This is to avoid the storing of personal data in the logs.
            [Response] => Array
                (
                    [Code] => 200
                    [Message] => OK
                    [Headers] => Requests_Utility_CaseInsensitiveDictionary Object
                        (
                            [data:protected] => Array
                                (
                                    [server] => nginx/1.10.3 (Ubuntu)
                                    [date] => Sun, 26 Apr 2020 13:25:26 GMT
                                    [content-type] => application/json; charset=utf-8
                                    [content-length] => 16
                                    [access-control-allow-origin] => *
                                    [x-dns-prefetch-control] => off
                                    [x-frame-options] => SAMEORIGIN
                                    [strict-transport-security] => max-age=15552000; includeSubDomains
                                    [x-download-options] => noopen
                                    [x-content-type-options] => nosniff
                                    [x-xss-protection] => 1; mode=block
                                    [etag] => W/"10-oV4hJxRVSENxc/wX8+mA4/Pe4tA"
                                    [vary] => Accept-Encoding
                                )

                        )

                    [Body] => Webhook body is not logged unless WP_DEBUG mode is turned on. This is to avoid the storing of personal data in the logs.
                )

        )

)

2020-04-26T13:25:26+00:00 INFO Array
(
    [Webhook Delivery] => Array
        (
            [Delivery ID] => 6731d71383ba7e6e0e183e62ca3287db
            [Date] => Apr 26, 2020 @ 13:25
            [URL] => https://api-ship.storepep.com/api/v1/webhooks/woocommerce/order/52392e00-d642-497f-8055-ed5df132d7d1/947f1286-d977-472f-99e5-6472885d6124/updated
            [Duration] => 0.35892
            [Request] => Array
                (
                    [Method] => POST
                    [Headers] => Array
                        (
                            [User-Agent] => WooCommerce/4.0.1 Hookshot (WordPress/5.4)
                            [Content-Type] => application/json
                            [X-WC-Webhook-Source] => https://okkoma.club/
                            [X-WC-Webhook-Topic] => order.updated
                            [X-WC-Webhook-Resource] => order
                            [X-WC-Webhook-Event] => updated
                            [X-WC-Webhook-Signature] => hR9eV2Fs+yZ03u6gThKy/jODvxYojMWQkfotnh9fHWY=
                            [X-WC-Webhook-ID] => 2
                            [X-WC-Webhook-Delivery-ID] => 6731d71383ba7e6e0e183e62ca3287db
                        )

                )

            [Body] => Webhook body is not logged unless WP_DEBUG mode is turned on. This is to avoid the storing of personal data in the logs.
            [Response] => Array
                (
                    [Code] => 200
                    [Message] => OK
                    [Headers] => Requests_Utility_CaseInsensitiveDictionary Object
                        (
                            [data:protected] => Array
                                (
                                    [server] => nginx/1.10.3 (Ubuntu)
                                    [date] => Sun, 26 Apr 2020 13:25:26 GMT
                                    [content-type] => application/json; charset=utf-8
                                    [content-length] => 16
                                    [access-control-allow-origin] => *
                                    [x-dns-prefetch-control] => off
                                    [x-frame-options] => SAMEORIGIN
                                    [strict-transport-security] => max-age=15552000; includeSubDomains
                                    [x-download-options] => noopen
                                    [x-content-type-options] => nosniff
                                    [x-xss-protection] => 1; mode=block
                                    [etag] => W/"10-oV4hJxRVSENxc/wX8+mA4/Pe4tA"
                                    [vary] => Accept-Encoding
                                )

                        )

                    [Body] => Webhook body is not logged unless WP_DEBUG mode is turned on. This is to avoid the storing of personal data in the logs.
                )

        )

)

2020-04-26T14:56:50+00:00 INFO Array
(
    [Webhook Delivery] => Array
        (
            [Delivery ID] => 36ec8dd50408e5c4cfabf300a91ac9c7
            [Date] => Apr 26, 2020 @ 14:56
            [URL] => https://api-ship.storepep.com/api/v1/webhooks/woocommerce/order/52392e00-d642-497f-8055-ed5df132d7d1/947f1286-d977-472f-99e5-6472885d6124/updated
            [Duration] => 0.97795
            [Request] => Array
                (
                    [Method] => POST
                    [Headers] => Array
                        (
                            [User-Agent] => WooCommerce/4.0.1 Hookshot (WordPress/5.4)
                            [Content-Type] => application/json
                            [X-WC-Webhook-Source] => https://okkoma.club/
                            [X-WC-Webhook-Topic] => order.updated
                            [X-WC-Webhook-Resource] => order
                            [X-WC-Webhook-Event] => updated
                            [X-WC-Webhook-Signature] => +xPiLKyYbHWhqEGc1WmA8A74NvzkkobYX0tTwsqbuDY=
                            [X-WC-Webhook-ID] => 2
                            [X-WC-Webhook-Delivery-ID] => 36ec8dd50408e5c4cfabf300a91ac9c7
                        )

                )

            [Body] => Webhook body is not logged unless WP_DEBUG mode is turned on. This is to avoid the storing of personal data in the logs.
            [Response] => Array
                (
                    [Code] => 200
                    [Message] => OK
                    [Headers] => Requests_Utility_CaseInsensitiveDictionary Object
                        (
                            [data:protected] => Array
                                (
                                    [server] => nginx/1.10.3 (Ubuntu)
                                    [date] => Sun, 26 Apr 2020 14:56:50 GMT
                                    [content-type] => application/json; charset=utf-8
                                    [content-length] => 16
                                    [access-control-allow-origin] => *
                                    [x-dns-prefetch-control] => off
                                    [x-frame-options] => SAMEORIGIN
                                    [strict-transport-security] => max-age=15552000; includeSubDomains
                                    [x-download-options] => noopen
                                    [x-content-type-options] => nosniff
                                    [x-xss-protection] => 1; mode=block
                                    [etag] => W/"10-oV4hJxRVSENxc/wX8+mA4/Pe4tA"
                                    [vary] => Accept-Encoding
                                )

                        )

                    [Body] => Webhook body is not logged unless WP_DEBUG mode is turned on. This is to avoid the storing of personal data in the logs.
                )

        )

)

2020-04-26T14:56:50+00:00 INFO Array
(
    [Webhook Delivery] => Array
        (
            [Delivery ID] => c5cd17d2834fe4326d28e01fe7aa506d
            [Date] => Apr 26, 2020 @ 14:56
            [URL] => https://api-ship.storepep.com/api/v1/webhooks/woocommerce/order/52392e00-d642-497f-8055-ed5df132d7d1/947f1286-d977-472f-99e5-6472885d6124/updated
            [Duration] => 0.39589
            [Request] => Array
                (
                    [Method] => POST
                    [Headers] => Array
                        (
                            [User-Agent] => WooCommerce/4.0.1 Hookshot (WordPress/5.4)
                            [Content-Type] => application/json
                            [X-WC-Webhook-Source] => https://okkoma.club/
                            [X-WC-Webhook-Topic] => order.updated
                            [X-WC-Webhook-Resource] => order
                            [X-WC-Webhook-Event] => updated
                            [X-WC-Webhook-Signature] => sHxcqJ5ZV+Rc5rN1aY7tfcdEdwgkqDd2BUMXV9qIgKg=
                            [X-WC-Webhook-ID] => 2
                            [X-WC-Webhook-Delivery-ID] => c5cd17d2834fe4326d28e01fe7aa506d
                        )

                )

            [Body] => Webhook body is not logged unless WP_DEBUG mode is turned on. This is to avoid the storing of personal data in the logs.
            [Response] => Array
                (
                    [Code] => 200
                    [Message] => OK
                    [Headers] => Requests_Utility_CaseInsensitiveDictionary Object
                        (
                            [data:protected] => Array
                                (
                                    [server] => nginx/1.10.3 (Ubuntu)
                                    [date] => Sun, 26 Apr 2020 14:56:50 GMT
                                    [content-type] => application/json; charset=utf-8
                                    [content-length] => 16
                                    [access-control-allow-origin] => *
                                    [x-dns-prefetch-control] => off
                                    [x-frame-options] => SAMEORIGIN
                                    [strict-transport-security] => max-age=15552000; includeSubDomains
                                    [x-download-options] => noopen
                                    [x-content-type-options] => nosniff
                                    [x-xss-protection] => 1; mode=block
                                    [etag] => W/"10-oV4hJxRVSENxc/wX8+mA4/Pe4tA"
                                    [vary] => Accept-Encoding
                                )

                        )

                    [Body] => Webhook body is not logged unless WP_DEBUG mode is turned on. This is to avoid the storing of personal data in the logs.
                )

        )

)

2020-04-26T14:56:51+00:00 INFO Array
(
    [Webhook Delivery] => Array
        (
            [Delivery ID] => c5cd17d2834fe4326d28e01fe7aa506d
            [Date] => Apr 26, 2020 @ 14:56
            [URL] => https://api-ship.storepep.com/api/v1/webhooks/woocommerce/order/52392e00-d642-497f-8055-ed5df132d7d1/947f1286-d977-472f-99e5-6472885d6124/updated
            [Duration] => 0.47456
            [Request] => Array
                (
                    [Method] => POST
                    [Headers] => Array
                        (
                            [User-Agent] => WooCommerce/4.0.1 Hookshot (WordPress/5.4)
                            [Content-Type] => application/json
                            [X-WC-Webhook-Source] => https://okkoma.club/
                            [X-WC-Webhook-Topic] => order.updated
                            [X-WC-Webhook-Resource] => order
                            [X-WC-Webhook-Event] => updated
                            [X-WC-Webhook-Signature] => dcbY51Vvcxts3NfmA0WQUVVs1w8jZTde1WfQ5A5jElI=
                            [X-WC-Webhook-ID] => 2
                            [X-WC-Webhook-Delivery-ID] => c5cd17d2834fe4326d28e01fe7aa506d
                        )

                )

            [Body] => Webhook body is not logged unless WP_DEBUG mode is turned on. This is to avoid the storing of personal data in the logs.
            [Response] => Array
                (
                    [Code] => 200
                    [Message] => OK
                    [Headers] => Requests_Utility_CaseInsensitiveDictionary Object
                        (
                            [data:protected] => Array
                                (
                                    [server] => nginx/1.10.3 (Ubuntu)
                                    [date] => Sun, 26 Apr 2020 14:56:51 GMT
                                    [content-type] => application/json; charset=utf-8
                                    [content-length] => 16
                                    [access-control-allow-origin] => *
                                    [x-dns-prefetch-control] => off
                                    [x-frame-options] => SAMEORIGIN
                                    [strict-transport-security] => max-age=15552000; includeSubDomains
                                    [x-download-options] => noopen
                                    [x-content-type-options] => nosniff
                                    [x-xss-protection] => 1; mode=block
                                    [etag] => W/"10-oV4hJxRVSENxc/wX8+mA4/Pe4tA"
                                    [vary] => Accept-Encoding
                                )

                        )

                    [Body] => Webhook body is not logged unless WP_DEBUG mode is turned on. This is to avoid the storing of personal data in the logs.
                )

        )

)

